#
# There is insufficient memory for the Java Runtime Environment to continue.
# Native memory allocation (mmap) failed to map 132120576 bytes for G1 virtual space
# Possible reasons:
#   The system is out of physical RAM or swap space
#   The process is running with CompressedOops enabled, and the Java Heap may be blocking the growth of the native heap
# Possible solutions:
#   Reduce memory load on the system
#   Increase physical memory or swap space
#   Check if swap backing store is full
#   Decrease Java heap size (-Xmx/-Xms)
#   Decrease number of Java threads
#   Decrease Java thread stack sizes (-Xss)
#   Set larger code cache with -XX:ReservedCodeCacheSize=
#   JVM is running with Unscaled Compressed Oops mode in which the Java heap is
#     placed in the first 4GB address space. The Java Heap base address is the
#     maximum limit for the native heap growth. Please use -XX:HeapBaseMinAddress
#     to set the Java Heap base and to place the Java Heap above 4GB virtual address.
# This output file may be truncated or incomplete.
#
#  Out of Memory Error (os_windows.cpp:3769), pid=11268, tid=13176
#
# JRE version:  (17.0.6) (build )
# Java VM: OpenJDK 64-Bit Server VM (17.0.6+0-b2043.56-9586694, mixed mode, sharing, tiered, compressed oops, compressed class ptrs, g1 gc, windows-amd64)
# No core dump will be written. Minidumps are not enabled by default on client versions of Windows
#

---------------  S U M M A R Y ------------

Command Line: git4idea.http.GitAskPassApp Username for 'https://github.com': 

Host: Intel(R) Core(TM) i3-6006U CPU @ 2.00GHz, 4 cores, 7G,  Windows 10 , 64 bit Build 19041 (10.0.19041.1202)
Time: Mon May  8 17:26:48 2023 RTZ 2 (s 10 , 64 bit Build 19041 (10.0.19041.1202) elapsed time: 0.028743 seconds (0d 0h 0m 0s)

---------------  T H R E A D  ---------------

Current thread (0x000001fa3650a570):  JavaThread "Unknown thread" [_thread_in_vm, id=13176, stack(0x000000dc00800000,0x000000dc00900000)]

Stack: [0x000000dc00800000,0x000000dc00900000]
Native frames: (J=compiled Java code, j=interpreted, Vv=VM code, C=native code)
V  [jvm.dll+0x683b4a]
V  [jvm.dll+0x842654]
V  [jvm.dll+0x843dfe]
V  [jvm.dll+0x844463]
V  [jvm.dll+0x249b75]
V  [jvm.dll+0x680a19]
V  [jvm.dll+0x674f0a]
V  [jvm.dll+0x309acb]
V  [jvm.dll+0x310f86]
V  [jvm.dll+0x3608ee]
V  [jvm.dll+0x360b1f]
V  [jvm.dll+0x2dfbf8]
V  [jvm.dll+0x2e0b64]
V  [jvm.dll+0x813f41]
V  [jvm.dll+0x36e6a1]
V  [jvm.dll+0x7f347c]
V  [jvm.dll+0x3f0e8f]
V  [jvm.dll+0x3f29d1]
C  [jli.dll+0x526b]
C  [ucrtbase.dll+0x21bb2]
C  [KERNEL32.DLL+0x17034]
C  [ntdll.dll+0x52651]


---------------  P R O C E S S  ---------------

Threads class SMR info:
_java_thread_list=0x00007ffd1eaac058, length=0, elements={
}

Java Threads: ( => current thread )

Other Threads:
  0x000001fa36564cb0 GCTaskThread "GC Thread#0" [stack: 0x000000dc00900000,0x000000dc00a00000] [id=1952]
  0x000001fa36576fa0 ConcurrentGCThread "G1 Main Marker" [stack: 0x000000dc00a00000,0x000000dc00b00000] [id=5732]
  0x000001fa365779b0 ConcurrentGCThread "G1 Conc#0" [stack: 0x000000dc00b00000,0x000000dc00c00000] [id=7504]

[error occurred during error reporting (printing all threads), id 0xc0000005, EXCEPTION_ACCESS_VIOLATION (0xc0000005) at pc=0x00007ffd1e260797]

VM state: not at safepoint (not fully initialized)

VM Mutex/Monitor currently owned by a thread:  ([mutex/lock_event])
[0x000001fa36509540] Heap_lock - owner thread: 0x000001fa3650a570

Heap address: 0x0000000082000000, size: 2016 MB, Compressed Oops mode: 32-bit

CDS archive(s) mapped at: [0x0000000000000000-0x0000000000000000-0x0000000000000000), size 0, SharedBaseAddress: 0x0000000800000000, ArchiveRelocationMode: 0.
Narrow klass base: 0x0000000000000000, Narrow klass shift: 0, Narrow klass range: 0x0

GC Precious Log:
<Empty>

Heap:
 garbage-first heap   total 0K, used 0K [0x0000000082000000, 0x0000000100000000)
  region size 1024K, 0 young (0K), 0 survivors (0K)

[error occurred during error reporting (printing heap information), id 0xc0000005, EXCEPTION_ACCESS_VIOLATION (0xc0000005) at pc=0x00007ffd1e64d939]

GC Heap History (0 events):
No events

Dll operation events (1 events):
Event: 0.017 Loaded shared library C:\Program Files\Android\Android Studio\jbr\bin\java.dll

Deoptimization events (0 events):
No events

Classes unloaded (0 events):
No events

Classes redefined (0 events):
No events

Internal exceptions (0 events):
No events

VM Operations (0 events):
No events

Events (0 events):
No events


Dynamic libraries:
0x00007ff62f6d0000 - 0x00007ff62f6da000 	C:\Program Files\Android\Android Studio\jbr\bin\java.exe
0x00007ffd78810000 - 0x00007ffd78a05000 	C:\WINDOWS\SYSTEM32\ntdll.dll
0x00007ffd76e70000 - 0x00007ffd76f2e000 	C:\WINDOWS\System32\KERNEL32.DLL
0x00007ffd76360000 - 0x00007ffd76629000 	C:\WINDOWS\System32\KERNELBASE.dll
0x00007ffd760d0000 - 0x00007ffd761d0000 	C:\WINDOWS\System32\ucrtbase.dll
0x00007ffd70740000 - 0x00007ffd7075b000 	C:\Program Files\Android\Android Studio\jbr\bin\VCRUNTIME140.dll
0x00007ffd70200000 - 0x00007ffd70217000 	C:\Program Files\Android\Android Studio\jbr\bin\jli.dll
0x00007ffd77db0000 - 0x00007ffd77f51000 	C:\WINDOWS\System32\USER32.dll
0x00007ffd766e0000 - 0x00007ffd76702000 	C:\WINDOWS\System32\win32u.dll
0x00007ffd63600000 - 0x00007ffd6389a000 	C:\WINDOWS\WinSxS\amd64_microsoft.windows.common-controls_6595b64144ccf1df_6.0.19041.1110_none_60b5254171f9507e\COMCTL32.dll
0x00007ffd787a0000 - 0x00007ffd787cb000 	C:\WINDOWS\System32\GDI32.dll
0x00007ffd78700000 - 0x00007ffd7879e000 	C:\WINDOWS\System32\msvcrt.dll
0x00007ffd75f30000 - 0x00007ffd7603b000 	C:\WINDOWS\System32\gdi32full.dll
0x00007ffd767c0000 - 0x00007ffd7685d000 	C:\WINDOWS\System32\msvcp_win.dll
0x00007ffd77d80000 - 0x00007ffd77db0000 	C:\WINDOWS\System32\IMM32.DLL
0x00007ffd71960000 - 0x00007ffd7196c000 	C:\Program Files\Android\Android Studio\jbr\bin\vcruntime140_1.dll
0x00007ffd48c90000 - 0x00007ffd48d1d000 	C:\Program Files\Android\Android Studio\jbr\bin\msvcp140.dll
0x00007ffd1df70000 - 0x00007ffd1ebdd000 	C:\Program Files\Android\Android Studio\jbr\bin\server\jvm.dll
0x00007ffd76860000 - 0x00007ffd7690c000 	C:\WINDOWS\System32\ADVAPI32.dll
0x00007ffd77a30000 - 0x00007ffd77acb000 	C:\WINDOWS\System32\sechost.dll
0x00007ffd76d40000 - 0x00007ffd76e6a000 	C:\WINDOWS\System32\RPCRT4.dll
0x00007ffd71850000 - 0x00007ffd71859000 	C:\WINDOWS\SYSTEM32\WSOCK32.dll
0x00007ffd78690000 - 0x00007ffd786fb000 	C:\WINDOWS\System32\WS2_32.dll
0x00007ffd5f260000 - 0x00007ffd5f287000 	C:\WINDOWS\SYSTEM32\WINMM.dll
0x00007ffd6cfd0000 - 0x00007ffd6cfda000 	C:\WINDOWS\SYSTEM32\VERSION.dll
0x00007ffd73e30000 - 0x00007ffd73e42000 	C:\WINDOWS\SYSTEM32\kernel.appcore.dll
0x00007ffd6ebb0000 - 0x00007ffd6ebba000 	C:\Program Files\Android\Android Studio\jbr\bin\jimage.dll
0x00007ffd5d730000 - 0x00007ffd5d914000 	C:\WINDOWS\SYSTEM32\DBGHELP.DLL
0x00007ffd59350000 - 0x00007ffd5937c000 	C:\WINDOWS\SYSTEM32\dbgcore.DLL
0x00007ffd76040000 - 0x00007ffd760c3000 	C:\WINDOWS\System32\bcryptPrimitives.dll
0x00007ffd5fdf0000 - 0x00007ffd5fe15000 	C:\Program Files\Android\Android Studio\jbr\bin\java.dll

dbghelp: loaded successfully - version: 4.0.5 - missing functions: none
symbol engine: initialized successfully - sym options: 0x614 - pdb path: .;C:\Program Files\Android\Android Studio\jbr\bin;C:\WINDOWS\SYSTEM32;C:\WINDOWS\WinSxS\amd64_microsoft.windows.common-controls_6595b64144ccf1df_6.0.19041.1110_none_60b5254171f9507e;C:\Program Files\Android\Android Studio\jbr\bin\server

VM Arguments:
java_command: git4idea.http.GitAskPassApp Username for 'https://github.com': 
java_class_path (initial): C:/Program Files/Android/Android Studio/plugins/git4idea/lib/git4idea-rt.jar;C:/Program Files/Android/Android Studio/lib/externalProcess-rt.jar;C:/Program Files/Android/Android Studio/lib/app.jar;C:/Program Files/Android/Android Studio/lib/3rd-party-rt.jar
Launcher Type: SUN_STANDARD

[Global flags]
     intx CICompilerCount                          = 3                                         {product} {ergonomic}
     uint ConcGCThreads                            = 1                                         {product} {ergonomic}
     uint G1ConcRefinementThreads                  = 4                                         {product} {ergonomic}
   size_t G1HeapRegionSize                         = 1048576                                   {product} {ergonomic}
    uintx GCDrainStackTargetSize                   = 64                                        {product} {ergonomic}
   size_t InitialHeapSize                          = 132120576                                 {product} {ergonomic}
   size_t MarkStackSize                            = 4194304                                   {product} {ergonomic}
   size_t MaxHeapSize                              = 2113929216                                {product} {ergonomic}
   size_t MinHeapDeltaBytes                        = 1048576                                   {product} {ergonomic}
   size_t MinHeapSize                              = 8388608                                   {product} {ergonomic}
    uintx NonNMethodCodeHeapSize                   = 5832780                                {pd product} {ergonomic}
    uintx NonProfiledCodeHeapSize                  = 122912730                              {pd product} {ergonomic}
    uintx ProfiledCodeHeapSize                     = 122912730                              {pd product} {ergonomic}
    uintx ReservedCodeCacheSize                    = 251658240                              {pd product} {ergonomic}
     bool SegmentedCodeCache                       = true                                      {product} {ergonomic}
   size_t SoftMaxHeapSize                          = 2113929216                             {manageable} {ergonomic}
     bool UseCompressedClassPointers               = true                           {product lp64_product} {ergonomic}
     bool UseCompressedOops                        = true                           {product lp64_product} {ergonomic}
     bool UseG1GC                                  = true                                      {product} {ergonomic}
     bool UseLargePagesIndividualAllocation        = false                                  {pd product} {ergonomic}

Logging:
Log output configuration:
 #0: stdout all=warning uptime,level,tags
 #1: stderr all=off uptime,level,tags

Environment Variables:
PATH=C:\Program Files\Git\mingw64\libexec\git-core;C:\Program Files\Git\mingw64\libexec\git-core;C:\Program Files\Git\mingw64\bin;C:\Program Files\Git\usr\bin;C:\Users\dimab\bin;C:\Program Files (x86)\Intel\iCLS Client;C:\Program Files\Intel\iCLS Client;C:\Windows\system32;C:\Windows;C:\Windows\System32\Wbem;C:\Windows\System32\WindowsPowerShell\v1.0;C:\Windows\System32\OpenSSH;C:\Program Files\Intel\WiFi\bin;C:\Program Files\Common Files\Intel\WirelessCommon;C:\WINDOWS\system32;C:\WINDOWS;C:\WINDOWS\System32\Wbem;C:\WINDOWS\System32\WindowsPowerShell\v1.0;C:\WINDOWS\System32\OpenSSH;C:\Program Files (x86)\Intel\Intel(R) Management Engine Components\DAL;C:\Program Files\Intel\Intel(R) Management Engine Components\DAL;C:\Program Files (x86)\Intel\Intel(R) Management Engine Components\IPT;C:\Program Files\Intel\Intel(R) Management Engine Components\IPT;C:\Program Files (x86)\NVIDIA Corporation\PhysX\Common;C:\Program Files\dotnet;C:\Program Files\NVIDIA Corporation\NVIDIA NvDLISR;C:\Program Files\Git\cmd;C:\Users\dimab\AppData\Local\Programs\Python\Python39\Scripts;C:\Users\dimab\AppData\Local\Programs\Python\Python39;C:\Users\dimab\AppData\Local\Microsoft\WindowsApps;C:\Program Files\Intel\WiFi\bin;C:\Program Files\Common Files\Intel\WirelessCommon;C:\Program Files\JetBrains\PyCharm Community Edition 2020.2.3\bin;C:\Users\dimab\AppData\Local\Programs\Microsoft VS Code\bin
USERNAME=Dm1try
DISPLAY=:0.0
LC_ALL=en_US.UTF-8
TERM=xterm-256color
TMPDIR=C:\Users\dimab\AppData\Local\Temp
OS=Windows_NT
PROCESSOR_IDENTIFIER=Intel64 Family 6 Model 78 Stepping 3, GenuineIntel
TMP=C:\Users\dimab\AppData\Local\Temp
TEMP=C:\Users\dimab\AppData\Local\Temp



---------------  S Y S T E M  ---------------

OS:
 Windows 10 , 64 bit Build 19041 (10.0.19041.1202)
OS uptime: 0 days 10:38 hours

CPU: total 4 (initial active 4) (2 cores per cpu, 2 threads per core) family 6 model 78 stepping 3 microcode 0xcc, cx8, cmov, fxsr, ht, mmx, 3dnowpref, sse, sse2, sse3, ssse3, sse4.1, sse4.2, popcnt, lzcnt, tsc, tscinvbit, avx, avx2, aes, erms, clmul, bmi1, bmi2, adx, fma, vzeroupper, clflush, clflushopt

Memory: 4k page, system-wide physical 8061M (789M free)
TotalPageFile size 10077M (AvailPageFile size 82M)
current process WorkingSet (physical memory assigned to process): 10M, peak: 10M
current process commit charge ("private bytes"): 51M, peak: 177M

vm_info: OpenJDK 64-Bit Server VM (17.0.6+0-b2043.56-9586694) for windows-amd64 JRE (17.0.6+0-b2043.56-9586694), built on Feb  9 2023 20:06:20 by "androidbuild" with MS VC++ 16.10 / 16.11 (VS2019)

END.
